-- Install configuration: ""
-- Up-to-date: /ros2/install/simple_gazebo_robot/share/simple_gazebo_robot//launch
-- Up-to-date: /ros2/install/simple_gazebo_robot/share/simple_gazebo_robot//launch/sim.launch.py
-- Up-to-date: /ros2/install/simple_gazebo_robot/share/simple_gazebo_robot//worlds
-- Up-to-date: /ros2/install/simple_gazebo_robot/share/simple_gazebo_robot//worlds/farm_rows_world.sdf
-- Up-to-date: /ros2/install/simple_gazebo_robot/share/simple_gazebo_robot//models
-- Up-to-date: /ros2/install/simple_gazebo_robot/share/simple_gazebo_robot//models/model.sdf
-- Up-to-date: /ros2/install/simple_gazebo_robot/include/
-- Up-to-date: /ros2/install/simple_gazebo_robot/include//simple_gazebo_robot
-- Up-to-date: /ros2/install/simple_gazebo_robot/share/ament_index/resource_index/package_run_dependencies/simple_gazebo_robot
-- Up-to-date: /ros2/install/simple_gazebo_robot/share/ament_index/resource_index/parent_prefix_path/simple_gazebo_robot
-- Up-to-date: /ros2/install/simple_gazebo_robot/share/simple_gazebo_robot/environment/ament_prefix_path.sh
-- Up-to-date: /ros2/install/simple_gazebo_robot/share/simple_gazebo_robot/environment/ament_prefix_path.dsv
-- Up-to-date: /ros2/install/simple_gazebo_robot/share/simple_gazebo_robot/environment/path.sh
-- Up-to-date: /ros2/install/simple_gazebo_robot/share/simple_gazebo_robot/environment/path.dsv
-- Up-to-date: /ros2/install/simple_gazebo_robot/share/simple_gazebo_robot/local_setup.bash
-- Up-to-date: /ros2/install/simple_gazebo_robot/share/simple_gazebo_robot/local_setup.sh
-- Up-to-date: /ros2/install/simple_gazebo_robot/share/simple_gazebo_robot/local_setup.zsh
-- Up-to-date: /ros2/install/simple_gazebo_robot/share/simple_gazebo_robot/local_setup.dsv
-- Installing: /ros2/install/simple_gazebo_robot/share/simple_gazebo_robot/package.dsv
-- Up-to-date: /ros2/install/simple_gazebo_robot/share/ament_index/resource_index/packages/simple_gazebo_robot
-- Up-to-date: /ros2/install/simple_gazebo_robot/share/simple_gazebo_robot/cmake/simple_gazebo_robotConfig.cmake
-- Up-to-date: /ros2/install/simple_gazebo_robot/share/simple_gazebo_robot/cmake/simple_gazebo_robotConfig-version.cmake
-- Up-to-date: /ros2/install/simple_gazebo_robot/share/simple_gazebo_robot/package.xml
