[0.020s] Invoking command in '/ros2/build/simple_gazebo_robot': CMAKE_PREFIX_PATH=/opt/ros/humble /usr/bin/cmake /ros2/simple_gazebo_robot -DCMAKE_INSTALL_PREFIX=/ros2/install/simple_gazebo_robot
[0.256s] -- The C compiler identification is GNU 11.4.0
[0.414s] -- The CXX compiler identification is GNU 11.4.0
[0.432s] -- Detecting C compiler ABI info
[0.546s] -- Detecting C compiler ABI info - done
[0.556s] -- Check for working C compiler: /usr/bin/cc - skipped
[0.576s] -- Detecting C compile features
[0.577s] -- Detecting C compile features - done
[0.582s] -- Detecting CXX compiler ABI info
[0.688s] -- Detecting CXX compiler ABI info - done
[0.698s] -- Check for working CXX compiler: /usr/bin/c++ - skipped
[0.698s] -- Detecting CXX compile features
[0.699s] -- Detecting CXX compile features - done
[0.705s] -- Found ament_cmake: 1.3.12 (/opt/ros/humble/share/ament_cmake/cmake)
[0.922s] -- Found Python3: /usr/bin/python3 (found version "3.10.12") found components: Interpreter 
[1.107s] -- Found ament_lint_auto: 0.12.14 (/opt/ros/humble/share/ament_lint_auto/cmake)
[1.214s] -- Added test 'flake8' to check Python code syntax and style conventions
[1.215s] -- Added test 'lint_cmake' to check CMake code style
[1.215s] -- Added test 'pep257' to check Python code against some of the docstring style conventions in PEP 257
[1.217s] -- Added test 'xmllint' to check XML markup files
[1.219s] -- Configuring done
[1.225s] -- Generating done
[1.228s] -- Build files have been written to: /ros2/build/simple_gazebo_robot
[1.235s] Invoked command in '/ros2/build/simple_gazebo_robot' returned '0': CMAKE_PREFIX_PATH=/opt/ros/humble /usr/bin/cmake /ros2/simple_gazebo_robot -DCMAKE_INSTALL_PREFIX=/ros2/install/simple_gazebo_robot
[1.238s] Invoking command in '/ros2/build/simple_gazebo_robot': CMAKE_PREFIX_PATH=/opt/ros/humble /usr/bin/cmake --build /ros2/build/simple_gazebo_robot -- -j12 -l12
[1.289s] Invoked command in '/ros2/build/simple_gazebo_robot' returned '0': CMAKE_PREFIX_PATH=/opt/ros/humble /usr/bin/cmake --build /ros2/build/simple_gazebo_robot -- -j12 -l12
[1.302s] Invoking command in '/ros2/build/simple_gazebo_robot': CMAKE_PREFIX_PATH=/opt/ros/humble /usr/bin/cmake --install /ros2/build/simple_gazebo_robot
[1.310s] -- Install configuration: ""
[1.311s] -- Installing: /ros2/install/simple_gazebo_robot/share/simple_gazebo_robot//launch
[1.311s] -- Installing: /ros2/install/simple_gazebo_robot/share/simple_gazebo_robot//launch/sim.launch.py
[1.311s] -- Installing: /ros2/install/simple_gazebo_robot/share/simple_gazebo_robot//worlds
[1.312s] -- Installing: /ros2/install/simple_gazebo_robot/share/simple_gazebo_robot//worlds/empty.world
[1.312s] -- Installing: /ros2/install/simple_gazebo_robot/share/simple_gazebo_robot//models
[1.312s] -- Installing: /ros2/install/simple_gazebo_robot/share/simple_gazebo_robot//models/model.sdf
[1.313s] [31mCMake Error at cmake_install.cmake:57 (file):
[1.313s]   file INSTALL cannot find "/ros2/simple_gazebo_robot/include": No such file
[1.314s]   or directory.
[1.314s] 
[1.315s] [0m
[1.315s] Invoked command in '/ros2/build/simple_gazebo_robot' returned '1': CMAKE_PREFIX_PATH=/opt/ros/humble /usr/bin/cmake --install /ros2/build/simple_gazebo_robot
